Analysis & Synthesis report for digital_clock
Thu Dec 01 23:50:34 2022
Quartus Prime Version 20.1.1 Build 720 11/11/2020 SJ Lite Edition


---------------------
; Table of Contents ;
---------------------
  1. Legal Notice
  2. Analysis & Synthesis Summary
  3. Analysis & Synthesis Settings
  4. Parallel Compilation
  5. Analysis & Synthesis Source Files Read
  6. Analysis & Synthesis Resource Usage Summary
  7. Analysis & Synthesis Resource Utilization by Entity
  8. Logic Cells Representing Combinational Loops
  9. General Register Statistics
 10. Post-Synthesis Netlist Statistics for Top Partition
 11. Elapsed Time Per Partition
 12. Analysis & Synthesis Messages



----------------
; Legal Notice ;
----------------
Copyright (C) 2020  Intel Corporation. All rights reserved.
Your use of Intel Corporation's design tools, logic functions 
and other software and tools, and any partner logic 
functions, and any output files from any of the foregoing 
(including device programming or simulation files), and any 
associated documentation or information are expressly subject 
to the terms and conditions of the Intel Program License 
Subscription Agreement, the Intel Quartus Prime License Agreement,
the Intel FPGA IP License Agreement, or other applicable license
agreement, including, without limitation, that your use is for
the sole purpose of programming logic devices manufactured by
Intel and sold by Intel or its authorized distributors.  Please
refer to the applicable agreement for further details, at
https://fpgasoftware.intel.com/eula.



+----------------------------------------------------------------------------------+
; Analysis & Synthesis Summary                                                     ;
+------------------------------------+---------------------------------------------+
; Analysis & Synthesis Status        ; Successful - Thu Dec 01 23:50:34 2022       ;
; Quartus Prime Version              ; 20.1.1 Build 720 11/11/2020 SJ Lite Edition ;
; Revision Name                      ; digital_clock                               ;
; Top-level Entity Name              ; digital_clock                               ;
; Family                             ; MAX 10                                      ;
; Total logic elements               ; 212                                         ;
;     Total combinational functions  ; 206                                         ;
;     Dedicated logic registers      ; 41                                          ;
; Total registers                    ; 41                                          ;
; Total pins                         ; 110                                         ;
; Total virtual pins                 ; 0                                           ;
; Total memory bits                  ; 0                                           ;
; Embedded Multiplier 9-bit elements ; 0                                           ;
; Total PLLs                         ; 0                                           ;
; UFM blocks                         ; 0                                           ;
; ADC blocks                         ; 0                                           ;
+------------------------------------+---------------------------------------------+


+------------------------------------------------------------------------------------------------------------+
; Analysis & Synthesis Settings                                                                              ;
+------------------------------------------------------------------+--------------------+--------------------+
; Option                                                           ; Setting            ; Default Value      ;
+------------------------------------------------------------------+--------------------+--------------------+
; Device                                                           ; 10M08DAF484C8G     ;                    ;
; Top-level entity name                                            ; digital_clock      ; digital_clock      ;
; Family name                                                      ; MAX 10             ; Cyclone V          ;
; Use smart compilation                                            ; Off                ; Off                ;
; Enable parallel Assembler and Timing Analyzer during compilation ; On                 ; On                 ;
; Enable compact report table                                      ; Off                ; Off                ;
; Restructure Multiplexers                                         ; Auto               ; Auto               ;
; Create Debugging Nodes for IP Cores                              ; Off                ; Off                ;
; Preserve fewer node names                                        ; On                 ; On                 ;
; Intel FPGA IP Evaluation Mode                                    ; Enable             ; Enable             ;
; Verilog Version                                                  ; Verilog_2001       ; Verilog_2001       ;
; VHDL Version                                                     ; VHDL_1993          ; VHDL_1993          ;
; State Machine Processing                                         ; Auto               ; Auto               ;
; Safe State Machine                                               ; Off                ; Off                ;
; Extract Verilog State Machines                                   ; On                 ; On                 ;
; Extract VHDL State Machines                                      ; On                 ; On                 ;
; Ignore Verilog initial constructs                                ; Off                ; Off                ;
; Iteration limit for constant Verilog loops                       ; 5000               ; 5000               ;
; Iteration limit for non-constant Verilog loops                   ; 250                ; 250                ;
; Add Pass-Through Logic to Inferred RAMs                          ; On                 ; On                 ;
; Infer RAMs from Raw Logic                                        ; On                 ; On                 ;
; Parallel Synthesis                                               ; On                 ; On                 ;
; DSP Block Balancing                                              ; Auto               ; Auto               ;
; NOT Gate Push-Back                                               ; On                 ; On                 ;
; Power-Up Don't Care                                              ; On                 ; On                 ;
; Remove Redundant Logic Cells                                     ; Off                ; Off                ;
; Remove Duplicate Registers                                       ; On                 ; On                 ;
; Ignore CARRY Buffers                                             ; Off                ; Off                ;
; Ignore CASCADE Buffers                                           ; Off                ; Off                ;
; Ignore GLOBAL Buffers                                            ; Off                ; Off                ;
; Ignore ROW GLOBAL Buffers                                        ; Off                ; Off                ;
; Ignore LCELL Buffers                                             ; Off                ; Off                ;
; Ignore SOFT Buffers                                              ; On                 ; On                 ;
; Limit AHDL Integers to 32 Bits                                   ; Off                ; Off                ;
; Optimization Technique                                           ; Balanced           ; Balanced           ;
; Carry Chain Length                                               ; 70                 ; 70                 ;
; Auto Carry Chains                                                ; On                 ; On                 ;
; Auto Open-Drain Pins                                             ; On                 ; On                 ;
; Perform WYSIWYG Primitive Resynthesis                            ; Off                ; Off                ;
; Auto ROM Replacement                                             ; On                 ; On                 ;
; Auto RAM Replacement                                             ; On                 ; On                 ;
; Auto DSP Block Replacement                                       ; On                 ; On                 ;
; Auto Shift Register Replacement                                  ; Auto               ; Auto               ;
; Allow Shift Register Merging across Hierarchies                  ; Auto               ; Auto               ;
; Auto Clock Enable Replacement                                    ; On                 ; On                 ;
; Strict RAM Replacement                                           ; Off                ; Off                ;
; Allow Synchronous Control Signals                                ; On                 ; On                 ;
; Force Use of Synchronous Clear Signals                           ; Off                ; Off                ;
; Auto RAM Block Balancing                                         ; On                 ; On                 ;
; Auto RAM to Logic Cell Conversion                                ; Off                ; Off                ;
; Auto Resource Sharing                                            ; Off                ; Off                ;
; Allow Any RAM Size For Recognition                               ; Off                ; Off                ;
; Allow Any ROM Size For Recognition                               ; Off                ; Off                ;
; Allow Any Shift Register Size For Recognition                    ; Off                ; Off                ;
; Use LogicLock Constraints during Resource Balancing              ; On                 ; On                 ;
; Ignore translate_off and synthesis_off directives                ; Off                ; Off                ;
; Timing-Driven Synthesis                                          ; On                 ; On                 ;
; Report Parameter Settings                                        ; On                 ; On                 ;
; Report Source Assignments                                        ; On                 ; On                 ;
; Report Connectivity Checks                                       ; On                 ; On                 ;
; Ignore Maximum Fan-Out Assignments                               ; Off                ; Off                ;
; Synchronization Register Chain Length                            ; 2                  ; 2                  ;
; Power Optimization During Synthesis                              ; Normal compilation ; Normal compilation ;
; HDL message level                                                ; Level2             ; Level2             ;
; Suppress Register Optimization Related Messages                  ; Off                ; Off                ;
; Number of Removed Registers Reported in Synthesis Report         ; 5000               ; 5000               ;
; Number of Swept Nodes Reported in Synthesis Report               ; 5000               ; 5000               ;
; Number of Inverted Registers Reported in Synthesis Report        ; 100                ; 100                ;
; Clock MUX Protection                                             ; On                 ; On                 ;
; Auto Gated Clock Conversion                                      ; Off                ; Off                ;
; Block Design Naming                                              ; Auto               ; Auto               ;
; SDC constraint protection                                        ; Off                ; Off                ;
; Synthesis Effort                                                 ; Auto               ; Auto               ;
; Shift Register Replacement - Allow Asynchronous Clear Signal     ; On                 ; On                 ;
; Pre-Mapping Resynthesis Optimization                             ; Off                ; Off                ;
; Analysis & Synthesis Message Level                               ; Medium             ; Medium             ;
; Disable Register Merging Across Hierarchies                      ; Auto               ; Auto               ;
; Resource Aware Inference For Block RAM                           ; On                 ; On                 ;
+------------------------------------------------------------------+--------------------+--------------------+


+------------------------------------------+
; Parallel Compilation                     ;
+----------------------------+-------------+
; Processors                 ; Number      ;
+----------------------------+-------------+
; Number detected on machine ; 12          ;
; Maximum allowed            ; 6           ;
;                            ;             ;
; Average used               ; 1.00        ;
; Maximum used               ; 6           ;
;                            ;             ;
; Usage by Processor         ; % Time Used ;
;     Processor 1            ; 100.0%      ;
;     Processor 2            ;   0.0%      ;
;     Processors 3-6         ;   0.0%      ;
+----------------------------+-------------+


+------------------------------------------------------------------------------------------------------------------------------------------------------------------------------------------------------------------------------------------------------------------+
; Analysis & Synthesis Source Files Read                                                                                                                                                                                                                           ;
+--------------------------------------------+-----------------+------------------------------------+----------------------------------------------------------------------------------------------------------------------------------------------------+---------+
; File Name with User-Entered Path           ; Used in Netlist ; File Type                          ; File Name with Absolute Path                                                                                                                       ; Library ;
+--------------------------------------------+-----------------+------------------------------------+----------------------------------------------------------------------------------------------------------------------------------------------------+---------+
; digital_clock.bdf                          ; yes             ; User Block Diagram/Schematic File  ; C:/Users/minse/Desktop/WORK/Programing/Q/digital_clock_assemble/Digital_clock_with_time_difference_2022/digital_clock.bdf                          ;         ;
; seven_segment.bdf                          ; yes             ; User Block Diagram/Schematic File  ; C:/Users/minse/Desktop/WORK/Programing/Q/digital_clock_assemble/Digital_clock_with_time_difference_2022/seven_segment.bdf                          ;         ;
; mod_6_counter_with_enable.bdf              ; yes             ; User Block Diagram/Schematic File  ; C:/Users/minse/Desktop/WORK/Programing/Q/digital_clock_assemble/Digital_clock_with_time_difference_2022/mod_6_counter_with_enable.bdf              ;         ;
; mod_10_counter_with_enable.bdf             ; yes             ; User Block Diagram/Schematic File  ; C:/Users/minse/Desktop/WORK/Programing/Q/digital_clock_assemble/Digital_clock_with_time_difference_2022/mod_10_counter_with_enable.bdf             ;         ;
; pulse_generator.bdf                        ; yes             ; User Block Diagram/Schematic File  ; C:/Users/minse/Desktop/WORK/Programing/Q/digital_clock_assemble/Digital_clock_with_time_difference_2022/pulse_generator.bdf                        ;         ;
; full_adder.bdf                             ; yes             ; User Block Diagram/Schematic File  ; C:/Users/minse/Desktop/WORK/Programing/Q/digital_clock_assemble/Digital_clock_with_time_difference_2022/full_adder.bdf                             ;         ;
; mod_24_counter_with_enable.bdf             ; yes             ; User Block Diagram/Schematic File  ; C:/Users/minse/Desktop/WORK/Programing/Q/digital_clock_assemble/Digital_clock_with_time_difference_2022/mod_24_counter_with_enable.bdf             ;         ;
; ham/ham_Modulo24.bdf                       ; yes             ; User Block Diagram/Schematic File  ; C:/Users/minse/Desktop/WORK/Programing/Q/digital_clock_assemble/Digital_clock_with_time_difference_2022/ham/ham_Modulo24.bdf                       ;         ;
; ham/ham_HA.bdf                             ; yes             ; User Block Diagram/Schematic File  ; C:/Users/minse/Desktop/WORK/Programing/Q/digital_clock_assemble/Digital_clock_with_time_difference_2022/ham/ham_HA.bdf                             ;         ;
; ham/ham_FA.bdf                             ; yes             ; User Block Diagram/Schematic File  ; C:/Users/minse/Desktop/WORK/Programing/Q/digital_clock_assemble/Digital_clock_with_time_difference_2022/ham/ham_FA.bdf                             ;         ;
; ham/ham_D_Latch.bdf                        ; yes             ; User Block Diagram/Schematic File  ; C:/Users/minse/Desktop/WORK/Programing/Q/digital_clock_assemble/Digital_clock_with_time_difference_2022/ham/ham_D_Latch.bdf                        ;         ;
; ham/ham_TimeAdder.bdf                      ; yes             ; User Block Diagram/Schematic File  ; C:/Users/minse/Desktop/WORK/Programing/Q/digital_clock_assemble/Digital_clock_with_time_difference_2022/ham/ham_TimeAdder.bdf                      ;         ;
; hoon/hoon_segment_decorder_to_2_digits.bdf ; yes             ; User Block Diagram/Schematic File  ; C:/Users/minse/Desktop/WORK/Programing/Q/digital_clock_assemble/Digital_clock_with_time_difference_2022/hoon/hoon_segment_decorder_to_2_digits.bdf ;         ;
; ryu/ryu_subtractor.bdf                     ; yes             ; User Block Diagram/Schematic File  ; C:/Users/minse/Desktop/WORK/Programing/Q/digital_clock_assemble/Digital_clock_with_time_difference_2022/ryu/ryu_subtractor.bdf                     ;         ;
; ryu/ryu_FA.bdf                             ; yes             ; User Block Diagram/Schematic File  ; C:/Users/minse/Desktop/WORK/Programing/Q/digital_clock_assemble/Digital_clock_with_time_difference_2022/ryu/ryu_FA.bdf                             ;         ;
; ryu/ryu_checker.bdf                        ; yes             ; User Block Diagram/Schematic File  ; C:/Users/minse/Desktop/WORK/Programing/Q/digital_clock_assemble/Digital_clock_with_time_difference_2022/ryu/ryu_checker.bdf                        ;         ;
; ryu/ryu_21mux.bdf                          ; yes             ; User Block Diagram/Schematic File  ; C:/Users/minse/Desktop/WORK/Programing/Q/digital_clock_assemble/Digital_clock_with_time_difference_2022/ryu/ryu_21mux.bdf                          ;         ;
; Bin2TimeValue.bdf                          ; yes             ; User Block Diagram/Schematic File  ; C:/Users/minse/Desktop/WORK/Programing/Q/digital_clock_assemble/Digital_clock_with_time_difference_2022/Bin2TimeValue.bdf                          ;         ;
; kim/kim_BCD_decorder.bdf                   ; yes             ; User Block Diagram/Schematic File  ; C:/Users/minse/Desktop/WORK/Programing/Q/digital_clock_assemble/Digital_clock_with_time_difference_2022/kim/kim_BCD_decorder.bdf                   ;         ;
; kim/kim_DialPad2Bin.bdf                    ; yes             ; User Block Diagram/Schematic File  ; C:/Users/minse/Desktop/WORK/Programing/Q/digital_clock_assemble/Digital_clock_with_time_difference_2022/kim/kim_DialPad2Bin.bdf                    ;         ;
+--------------------------------------------+-----------------+------------------------------------+----------------------------------------------------------------------------------------------------------------------------------------------------+---------+


+----------------------------------------------------------+
; Analysis & Synthesis Resource Usage Summary              ;
+---------------------------------------------+------------+
; Resource                                    ; Usage      ;
+---------------------------------------------+------------+
; Estimated Total logic elements              ; 212        ;
;                                             ;            ;
; Total combinational functions               ; 206        ;
; Logic element usage by number of LUT inputs ;            ;
;     -- 4 input functions                    ; 123        ;
;     -- 3 input functions                    ; 62         ;
;     -- <=2 input functions                  ; 21         ;
;                                             ;            ;
; Logic elements by mode                      ;            ;
;     -- normal mode                          ; 206        ;
;     -- arithmetic mode                      ; 0          ;
;                                             ;            ;
; Total registers                             ; 41         ;
;     -- Dedicated logic registers            ; 41         ;
;     -- I/O registers                        ; 0          ;
;                                             ;            ;
; I/O pins                                    ; 110        ;
;                                             ;            ;
; Embedded Multiplier 9-bit elements          ; 0          ;
;                                             ;            ;
; Maximum fan-out node                        ; Zero~input ;
; Maximum fan-out                             ; 27         ;
; Total fan-out                               ; 994        ;
; Average fan-out                             ; 2.13       ;
+---------------------------------------------+------------+


+----------------------------------------------------------------------------------------------------------------------------------------------------------------------------------------------------------------------------------------------------------------------------------------------------------------------------+
; Analysis & Synthesis Resource Utilization by Entity                                                                                                                                                                                                                                                                        ;
+-----------------------------------------------+---------------------+---------------------------+-------------+------------+--------------+---------+-----------+------+--------------+------------+--------------------------------------------------------------------+-----------------------------------+--------------+
; Compilation Hierarchy Node                    ; Combinational ALUTs ; Dedicated Logic Registers ; Memory Bits ; UFM Blocks ; DSP Elements ; DSP 9x9 ; DSP 18x18 ; Pins ; Virtual Pins ; ADC blocks ; Full Hierarchy Name                                                ; Entity Name                       ; Library Name ;
+-----------------------------------------------+---------------------+---------------------------+-------------+------------+--------------+---------+-----------+------+--------------+------------+--------------------------------------------------------------------+-----------------------------------+--------------+
; |digital_clock                                ; 206 (5)             ; 41 (0)                    ; 0           ; 0          ; 0            ; 0       ; 0         ; 110  ; 0            ; 0          ; |digital_clock                                                     ; digital_clock                     ; work         ;
;    |Bin2TimeValue:inst18|                     ; 15 (15)             ; 0 (0)                     ; 0           ; 0          ; 0            ; 0       ; 0         ; 0    ; 0            ; 0          ; |digital_clock|Bin2TimeValue:inst18                                ; Bin2TimeValue                     ; work         ;
;    |Bin2TimeValue:inst19|                     ; 15 (15)             ; 0 (0)                     ; 0           ; 0          ; 0            ; 0       ; 0         ; 0    ; 0            ; 0          ; |digital_clock|Bin2TimeValue:inst19                                ; Bin2TimeValue                     ; work         ;
;    |ham_TimeAdder:inst16|                     ; 22 (2)              ; 0 (0)                     ; 0           ; 0          ; 0            ; 0       ; 0         ; 0    ; 0            ; 0          ; |digital_clock|ham_TimeAdder:inst16                                ; ham_TimeAdder                     ; work         ;
;       |ham_D_Latch:inst2|                     ; 8 (8)               ; 0 (0)                     ; 0           ; 0          ; 0            ; 0       ; 0         ; 0    ; 0            ; 0          ; |digital_clock|ham_TimeAdder:inst16|ham_D_Latch:inst2              ; ham_D_Latch                       ; work         ;
;       |ham_FA:inst10|                         ; 2 (2)               ; 0 (0)                     ; 0           ; 0          ; 0            ; 0       ; 0         ; 0    ; 0            ; 0          ; |digital_clock|ham_TimeAdder:inst16|ham_FA:inst10                  ; ham_FA                            ; work         ;
;       |ham_FA:inst11|                         ; 1 (1)               ; 0 (0)                     ; 0           ; 0          ; 0            ; 0       ; 0         ; 0    ; 0            ; 0          ; |digital_clock|ham_TimeAdder:inst16|ham_FA:inst11                  ; ham_FA                            ; work         ;
;       |ham_FA:inst12|                         ; 2 (2)               ; 0 (0)                     ; 0           ; 0          ; 0            ; 0       ; 0         ; 0    ; 0            ; 0          ; |digital_clock|ham_TimeAdder:inst16|ham_FA:inst12                  ; ham_FA                            ; work         ;
;       |ham_FA:inst13|                         ; 2 (2)               ; 0 (0)                     ; 0           ; 0          ; 0            ; 0       ; 0         ; 0    ; 0            ; 0          ; |digital_clock|ham_TimeAdder:inst16|ham_FA:inst13                  ; ham_FA                            ; work         ;
;       |ham_FA:inst14|                         ; 2 (2)               ; 0 (0)                     ; 0           ; 0          ; 0            ; 0       ; 0         ; 0    ; 0            ; 0          ; |digital_clock|ham_TimeAdder:inst16|ham_FA:inst14                  ; ham_FA                            ; work         ;
;       |ham_HA:inst9|                          ; 1 (1)               ; 0 (0)                     ; 0           ; 0          ; 0            ; 0       ; 0         ; 0    ; 0            ; 0          ; |digital_clock|ham_TimeAdder:inst16|ham_HA:inst9                   ; ham_HA                            ; work         ;
;       |ham_Modulo24:inst|                     ; 2 (0)               ; 0 (0)                     ; 0           ; 0          ; 0            ; 0       ; 0         ; 0    ; 0            ; 0          ; |digital_clock|ham_TimeAdder:inst16|ham_Modulo24:inst              ; ham_Modulo24                      ; work         ;
;          |ham_FA:inst3|                       ; 1 (1)               ; 0 (0)                     ; 0           ; 0          ; 0            ; 0       ; 0         ; 0    ; 0            ; 0          ; |digital_clock|ham_TimeAdder:inst16|ham_Modulo24:inst|ham_FA:inst3 ; ham_FA                            ; work         ;
;          |ham_HA:inst|                        ; 1 (1)               ; 0 (0)                     ; 0           ; 0          ; 0            ; 0       ; 0         ; 0    ; 0            ; 0          ; |digital_clock|ham_TimeAdder:inst16|ham_Modulo24:inst|ham_HA:inst  ; ham_HA                            ; work         ;
;    |hoon_segment_decorder_to_2_digits:inst12| ; 4 (4)               ; 0 (0)                     ; 0           ; 0          ; 0            ; 0       ; 0         ; 0    ; 0            ; 0          ; |digital_clock|hoon_segment_decorder_to_2_digits:inst12            ; hoon_segment_decorder_to_2_digits ; work         ;
;    |hoon_segment_decorder_to_2_digits:inst15| ; 9 (9)               ; 0 (0)                     ; 0           ; 0          ; 0            ; 0       ; 0         ; 0    ; 0            ; 0          ; |digital_clock|hoon_segment_decorder_to_2_digits:inst15            ; hoon_segment_decorder_to_2_digits ; work         ;
;    |kim_DialPad2Bin:inst26|                   ; 28 (3)              ; 9 (7)                     ; 0           ; 0          ; 0            ; 0       ; 0         ; 0    ; 0            ; 0          ; |digital_clock|kim_DialPad2Bin:inst26                              ; kim_DialPad2Bin                   ; work         ;
;       |full_adder:inassfaafst|                ; 3 (3)               ; 0 (0)                     ; 0           ; 0          ; 0            ; 0       ; 0         ; 0    ; 0            ; 0          ; |digital_clock|kim_DialPad2Bin:inst26|full_adder:inassfaafst       ; full_adder                        ; work         ;
;       |full_adder:inst14|                     ; 2 (2)               ; 0 (0)                     ; 0           ; 0          ; 0            ; 0       ; 0         ; 0    ; 0            ; 0          ; |digital_clock|kim_DialPad2Bin:inst26|full_adder:inst14            ; full_adder                        ; work         ;
;       |full_adder:inst15|                     ; 2 (2)               ; 0 (0)                     ; 0           ; 0          ; 0            ; 0       ; 0         ; 0    ; 0            ; 0          ; |digital_clock|kim_DialPad2Bin:inst26|full_adder:inst15            ; full_adder                        ; work         ;
;       |full_adder:inst17|                     ; 3 (3)               ; 0 (0)                     ; 0           ; 0          ; 0            ; 0       ; 0         ; 0    ; 0            ; 0          ; |digital_clock|kim_DialPad2Bin:inst26|full_adder:inst17            ; full_adder                        ; work         ;
;       |full_adder:inst18|                     ; 2 (2)               ; 0 (0)                     ; 0           ; 0          ; 0            ; 0       ; 0         ; 0    ; 0            ; 0          ; |digital_clock|kim_DialPad2Bin:inst26|full_adder:inst18            ; full_adder                        ; work         ;
;       |full_adder:inst19|                     ; 2 (2)               ; 0 (0)                     ; 0           ; 0          ; 0            ; 0       ; 0         ; 0    ; 0            ; 0          ; |digital_clock|kim_DialPad2Bin:inst26|full_adder:inst19            ; full_adder                        ; work         ;
;       |ham_HA:inst16|                         ; 1 (1)               ; 0 (0)                     ; 0           ; 0          ; 0            ; 0       ; 0         ; 0    ; 0            ; 0          ; |digital_clock|kim_DialPad2Bin:inst26|ham_HA:inst16                ; ham_HA                            ; work         ;
;       |ham_HA:inst20|                         ; 1 (1)               ; 0 (0)                     ; 0           ; 0          ; 0            ; 0       ; 0         ; 0    ; 0            ; 0          ; |digital_clock|kim_DialPad2Bin:inst26|ham_HA:inst20                ; ham_HA                            ; work         ;
;       |ham_HA:inst21|                         ; 1 (1)               ; 0 (0)                     ; 0           ; 0          ; 0            ; 0       ; 0         ; 0    ; 0            ; 0          ; |digital_clock|kim_DialPad2Bin:inst26|ham_HA:inst21                ; ham_HA                            ; work         ;
;       |ham_HA:inst22|                         ; 5 (5)               ; 0 (0)                     ; 0           ; 0          ; 0            ; 0       ; 0         ; 0    ; 0            ; 0          ; |digital_clock|kim_DialPad2Bin:inst26|ham_HA:inst22                ; ham_HA                            ; work         ;
;       |kim_BCD_decorder:indfsst|              ; 2 (2)               ; 0 (0)                     ; 0           ; 0          ; 0            ; 0       ; 0         ; 0    ; 0            ; 0          ; |digital_clock|kim_DialPad2Bin:inst26|kim_BCD_decorder:indfsst     ; kim_BCD_decorder                  ; work         ;
;       |pulse_generator:inst26|                ; 1 (1)               ; 2 (2)                     ; 0           ; 0          ; 0            ; 0       ; 0         ; 0    ; 0            ; 0          ; |digital_clock|kim_DialPad2Bin:inst26|pulse_generator:inst26       ; pulse_generator                   ; work         ;
;    |kim_DialPad2Bin:inst27|                   ; 26 (3)              ; 9 (7)                     ; 0           ; 0          ; 0            ; 0       ; 0         ; 0    ; 0            ; 0          ; |digital_clock|kim_DialPad2Bin:inst27                              ; kim_DialPad2Bin                   ; work         ;
;       |full_adder:inassfaafst|                ; 3 (3)               ; 0 (0)                     ; 0           ; 0          ; 0            ; 0       ; 0         ; 0    ; 0            ; 0          ; |digital_clock|kim_DialPad2Bin:inst27|full_adder:inassfaafst       ; full_adder                        ; work         ;
;       |full_adder:inst14|                     ; 2 (2)               ; 0 (0)                     ; 0           ; 0          ; 0            ; 0       ; 0         ; 0    ; 0            ; 0          ; |digital_clock|kim_DialPad2Bin:inst27|full_adder:inst14            ; full_adder                        ; work         ;
;       |full_adder:inst15|                     ; 2 (2)               ; 0 (0)                     ; 0           ; 0          ; 0            ; 0       ; 0         ; 0    ; 0            ; 0          ; |digital_clock|kim_DialPad2Bin:inst27|full_adder:inst15            ; full_adder                        ; work         ;
;       |full_adder:inst17|                     ; 3 (3)               ; 0 (0)                     ; 0           ; 0          ; 0            ; 0       ; 0         ; 0    ; 0            ; 0          ; |digital_clock|kim_DialPad2Bin:inst27|full_adder:inst17            ; full_adder                        ; work         ;
;       |full_adder:inst18|                     ; 2 (2)               ; 0 (0)                     ; 0           ; 0          ; 0            ; 0       ; 0         ; 0    ; 0            ; 0          ; |digital_clock|kim_DialPad2Bin:inst27|full_adder:inst18            ; full_adder                        ; work         ;
;       |full_adder:inst19|                     ; 2 (2)               ; 0 (0)                     ; 0           ; 0          ; 0            ; 0       ; 0         ; 0    ; 0            ; 0          ; |digital_clock|kim_DialPad2Bin:inst27|full_adder:inst19            ; full_adder                        ; work         ;
;       |ham_HA:inst16|                         ; 1 (1)               ; 0 (0)                     ; 0           ; 0          ; 0            ; 0       ; 0         ; 0    ; 0            ; 0          ; |digital_clock|kim_DialPad2Bin:inst27|ham_HA:inst16                ; ham_HA                            ; work         ;
;       |ham_HA:inst20|                         ; 1 (1)               ; 0 (0)                     ; 0           ; 0          ; 0            ; 0       ; 0         ; 0    ; 0            ; 0          ; |digital_clock|kim_DialPad2Bin:inst27|ham_HA:inst20                ; ham_HA                            ; work         ;
;       |ham_HA:inst21|                         ; 1 (1)               ; 0 (0)                     ; 0           ; 0          ; 0            ; 0       ; 0         ; 0    ; 0            ; 0          ; |digital_clock|kim_DialPad2Bin:inst27|ham_HA:inst21                ; ham_HA                            ; work         ;
;       |ham_HA:inst22|                         ; 3 (3)               ; 0 (0)                     ; 0           ; 0          ; 0            ; 0       ; 0         ; 0    ; 0            ; 0          ; |digital_clock|kim_DialPad2Bin:inst27|ham_HA:inst22                ; ham_HA                            ; work         ;
;       |kim_BCD_decorder:indfsst|              ; 2 (2)               ; 0 (0)                     ; 0           ; 0          ; 0            ; 0       ; 0         ; 0    ; 0            ; 0          ; |digital_clock|kim_DialPad2Bin:inst27|kim_BCD_decorder:indfsst     ; kim_BCD_decorder                  ; work         ;
;       |pulse_generator:inst26|                ; 1 (1)               ; 2 (2)                     ; 0           ; 0          ; 0            ; 0       ; 0         ; 0    ; 0            ; 0          ; |digital_clock|kim_DialPad2Bin:inst27|pulse_generator:inst26       ; pulse_generator                   ; work         ;
;    |mod_10_counter_with_enable:in20|          ; 5 (5)               ; 4 (4)                     ; 0           ; 0          ; 0            ; 0       ; 0         ; 0    ; 0            ; 0          ; |digital_clock|mod_10_counter_with_enable:in20                     ; mod_10_counter_with_enable        ; work         ;
;    |mod_10_counter_with_enable:in21|          ; 5 (5)               ; 4 (4)                     ; 0           ; 0          ; 0            ; 0       ; 0         ; 0    ; 0            ; 0          ; |digital_clock|mod_10_counter_with_enable:in21                     ; mod_10_counter_with_enable        ; work         ;
;    |mod_24_counter_with_enable:inst1|         ; 7 (7)               ; 5 (5)                     ; 0           ; 0          ; 0            ; 0       ; 0         ; 0    ; 0            ; 0          ; |digital_clock|mod_24_counter_with_enable:inst1                    ; mod_24_counter_with_enable        ; work         ;
;    |mod_6_counter_with_enable:inst45|         ; 3 (3)               ; 3 (3)                     ; 0           ; 0          ; 0            ; 0       ; 0         ; 0    ; 0            ; 0          ; |digital_clock|mod_6_counter_with_enable:inst45                    ; mod_6_counter_with_enable         ; work         ;
;    |mod_6_counter_with_enable:inst46|         ; 3 (3)               ; 3 (3)                     ; 0           ; 0          ; 0            ; 0       ; 0         ; 0    ; 0            ; 0          ; |digital_clock|mod_6_counter_with_enable:inst46                    ; mod_6_counter_with_enable         ; work         ;
;    |pulse_generator:Insten|                   ; 1 (1)               ; 2 (2)                     ; 0           ; 0          ; 0            ; 0       ; 0         ; 0    ; 0            ; 0          ; |digital_clock|pulse_generator:Insten                              ; pulse_generator                   ; work         ;
;    |pulse_generator:inst23|                   ; 1 (1)               ; 2 (2)                     ; 0           ; 0          ; 0            ; 0       ; 0         ; 0    ; 0            ; 0          ; |digital_clock|pulse_generator:inst23                              ; pulse_generator                   ; work         ;
;    |ryu_subtractor:inst17|                    ; 7 (0)               ; 0 (0)                     ; 0           ; 0          ; 0            ; 0       ; 0         ; 0    ; 0            ; 0          ; |digital_clock|ryu_subtractor:inst17                               ; ryu_subtractor                    ; work         ;
;       |ryu_FA:instfa2|                        ; 1 (1)               ; 0 (0)                     ; 0           ; 0          ; 0            ; 0       ; 0         ; 0    ; 0            ; 0          ; |digital_clock|ryu_subtractor:inst17|ryu_FA:instfa2                ; ryu_FA                            ; work         ;
;       |ryu_FA:instfa3|                        ; 3 (3)               ; 0 (0)                     ; 0           ; 0          ; 0            ; 0       ; 0         ; 0    ; 0            ; 0          ; |digital_clock|ryu_subtractor:inst17|ryu_FA:instfa3                ; ryu_FA                            ; work         ;
;       |ryu_FA:instfa4|                        ; 2 (2)               ; 0 (0)                     ; 0           ; 0          ; 0            ; 0       ; 0         ; 0    ; 0            ; 0          ; |digital_clock|ryu_subtractor:inst17|ryu_FA:instfa4                ; ryu_FA                            ; work         ;
;       |ryu_FA:instfa52|                       ; 1 (1)               ; 0 (0)                     ; 0           ; 0          ; 0            ; 0       ; 0         ; 0    ; 0            ; 0          ; |digital_clock|ryu_subtractor:inst17|ryu_FA:instfa52               ; ryu_FA                            ; work         ;
;    |seven_segment:inst10|                     ; 1 (1)               ; 0 (0)                     ; 0           ; 0          ; 0            ; 0       ; 0         ; 0    ; 0            ; 0          ; |digital_clock|seven_segment:inst10                                ; seven_segment                     ; work         ;
;    |seven_segment:inst11|                     ; 1 (1)               ; 0 (0)                     ; 0           ; 0          ; 0            ; 0       ; 0         ; 0    ; 0            ; 0          ; |digital_clock|seven_segment:inst11                                ; seven_segment                     ; work         ;
;    |seven_segment:inst13|                     ; 1 (1)               ; 0 (0)                     ; 0           ; 0          ; 0            ; 0       ; 0         ; 0    ; 0            ; 0          ; |digital_clock|seven_segment:inst13                                ; seven_segment                     ; work         ;
;    |seven_segment:inst16213|                  ; 7 (7)               ; 0 (0)                     ; 0           ; 0          ; 0            ; 0       ; 0         ; 0    ; 0            ; 0          ; |digital_clock|seven_segment:inst16213                             ; seven_segment                     ; work         ;
;    |seven_segment:inst16214|                  ; 11 (11)             ; 0 (0)                     ; 0           ; 0          ; 0            ; 0       ; 0         ; 0    ; 0            ; 0          ; |digital_clock|seven_segment:inst16214                             ; seven_segment                     ; work         ;
;    |seven_segment:inst1762162|                ; 2 (2)               ; 0 (0)                     ; 0           ; 0          ; 0            ; 0       ; 0         ; 0    ; 0            ; 0          ; |digital_clock|seven_segment:inst1762162                           ; seven_segment                     ; work         ;
;    |seven_segment:inst1762163|                ; 2 (2)               ; 0 (0)                     ; 0           ; 0          ; 0            ; 0       ; 0         ; 0    ; 0            ; 0          ; |digital_clock|seven_segment:inst1762163                           ; seven_segment                     ; work         ;
;    |seven_segment:inst2|                      ; 6 (6)               ; 0 (0)                     ; 0           ; 0          ; 0            ; 0       ; 0         ; 0    ; 0            ; 0          ; |digital_clock|seven_segment:inst2                                 ; seven_segment                     ; work         ;
;    |seven_segment:inst3|                      ; 6 (6)               ; 0 (0)                     ; 0           ; 0          ; 0            ; 0       ; 0         ; 0    ; 0            ; 0          ; |digital_clock|seven_segment:inst3                                 ; seven_segment                     ; work         ;
;    |seven_segment:inst7|                      ; 6 (6)               ; 0 (0)                     ; 0           ; 0          ; 0            ; 0       ; 0         ; 0    ; 0            ; 0          ; |digital_clock|seven_segment:inst7                                 ; seven_segment                     ; work         ;
;    |seven_segment:inst8|                      ; 6 (6)               ; 0 (0)                     ; 0           ; 0          ; 0            ; 0       ; 0         ; 0    ; 0            ; 0          ; |digital_clock|seven_segment:inst8                                 ; seven_segment                     ; work         ;
;    |seven_segment:inst9|                      ; 1 (1)               ; 0 (0)                     ; 0           ; 0          ; 0            ; 0       ; 0         ; 0    ; 0            ; 0          ; |digital_clock|seven_segment:inst9                                 ; seven_segment                     ; work         ;
+-----------------------------------------------+---------------------+---------------------------+-------------+------------+--------------+---------+-----------+------+--------------+------------+--------------------------------------------------------------------+-----------------------------------+--------------+
Note: For table entries with two numbers listed, the numbers in parentheses indicate the number of resources of the given type used by the specific entity alone. The numbers listed outside of parentheses indicate the total resources of the given type used by the specific entity and all of its sub-entities in the hierarchy.


+------------------------------------------------------------+
; Logic Cells Representing Combinational Loops               ;
+--------------------------------------------------------+---+
; Logic Cell Name                                        ;   ;
+--------------------------------------------------------+---+
; ham_TimeAdder:inst16|ham_D_Latch:inst2|inst2~0         ;   ;
; ham_TimeAdder:inst16|ham_D_Latch:inst2|inst7~0         ;   ;
; ham_TimeAdder:inst16|ham_D_Latch:inst2|inst12~0        ;   ;
; ham_TimeAdder:inst16|ham_D_Latch:inst2|inst17~0        ;   ;
; ham_TimeAdder:inst16|ham_D_Latch:inst2|inst22~0        ;   ;
; ham_TimeAdder:inst16|ham_D_Latch:inst2|inst27~0        ;   ;
; Number of logic cells representing combinational loops ; 6 ;
+--------------------------------------------------------+---+
Note: All cells listed above may not be present at the end of synthesis due to various synthesis optimizations.


+------------------------------------------------------+
; General Register Statistics                          ;
+----------------------------------------------+-------+
; Statistic                                    ; Value ;
+----------------------------------------------+-------+
; Total registers                              ; 41    ;
; Number of registers using Synchronous Clear  ; 0     ;
; Number of registers using Synchronous Load   ; 0     ;
; Number of registers using Asynchronous Clear ; 0     ;
; Number of registers using Asynchronous Load  ; 0     ;
; Number of registers using Clock Enable       ; 0     ;
; Number of registers using Preset             ; 0     ;
+----------------------------------------------+-------+


+-----------------------------------------------------+
; Post-Synthesis Netlist Statistics for Top Partition ;
+-----------------------+-----------------------------+
; Type                  ; Count                       ;
+-----------------------+-----------------------------+
; boundary_port         ; 110                         ;
; cycloneiii_ff         ; 41                          ;
;     plain             ; 41                          ;
; cycloneiii_lcell_comb ; 209                         ;
;     normal            ; 209                         ;
;         0 data inputs ; 1                           ;
;         1 data inputs ; 2                           ;
;         2 data inputs ; 21                          ;
;         3 data inputs ; 62                          ;
;         4 data inputs ; 123                         ;
;                       ;                             ;
; Max LUT depth         ; 8.00                        ;
; Average LUT depth     ; 4.42                        ;
+-----------------------+-----------------------------+


+-------------------------------+
; Elapsed Time Per Partition    ;
+----------------+--------------+
; Partition Name ; Elapsed Time ;
+----------------+--------------+
; Top            ; 00:00:01     ;
+----------------+--------------+


+-------------------------------+
; Analysis & Synthesis Messages ;
+-------------------------------+
Info: *******************************************************************
Info: Running Quartus Prime Analysis & Synthesis
    Info: Version 20.1.1 Build 720 11/11/2020 SJ Lite Edition
    Info: Processing started: Thu Dec 01 23:50:23 2022
Info: Command: quartus_map --read_settings_files=on --write_settings_files=off digital_clock -c digital_clock
Warning (18236): Number of processors has not been specified which may cause overloading on shared machines.  Set the global assignment NUM_PARALLEL_PROCESSORS in your QSF to an appropriate value for best performance.
Info (20030): Parallel compilation is enabled and will use 6 of the 6 processors detected
Info (12021): Found 1 design units, including 1 entities, in source file digital_clock.bdf
    Info (12023): Found entity 1: digital_clock
Info (12021): Found 1 design units, including 1 entities, in source file seven_segment.bdf
    Info (12023): Found entity 1: seven_segment
Info (12021): Found 1 design units, including 1 entities, in source file mod_6_counter_with_enable.bdf
    Info (12023): Found entity 1: mod_6_counter_with_enable
Info (12021): Found 1 design units, including 1 entities, in source file mod_10_counter_with_enable.bdf
    Info (12023): Found entity 1: mod_10_counter_with_enable
Info (12021): Found 1 design units, including 1 entities, in source file mod_12_counter_with_enable.bdf
    Info (12023): Found entity 1: mod_12_counter_with_enable
Info (12021): Found 1 design units, including 1 entities, in source file decorder_12_hours.bdf
    Info (12023): Found entity 1: decorder_12_hours
Info (12021): Found 1 design units, including 1 entities, in source file pulse_generator.bdf
    Info (12023): Found entity 1: pulse_generator
Info (12021): Found 1 design units, including 1 entities, in source file remainder_12.bdf
    Info (12023): Found entity 1: remainder_12
Info (12021): Found 1 design units, including 1 entities, in source file full_adder.bdf
    Info (12023): Found entity 1: full_adder
Info (12021): Found 1 design units, including 1 entities, in source file time_adder.bdf
    Info (12023): Found entity 1: time_adder
Info (12021): Found 1 design units, including 1 entities, in source file mod_24_counter_with_enable.bdf
    Info (12023): Found entity 1: mod_24_counter_with_enable
Info (12021): Found 1 design units, including 1 entities, in source file ham/ham_modulo24.bdf
    Info (12023): Found entity 1: ham_Modulo24
Info (12021): Found 1 design units, including 1 entities, in source file ham/ham_modulal3.bdf
    Info (12023): Found entity 1: ham_modulal3
Info (12021): Found 1 design units, including 1 entities, in source file ham/ham_ha.bdf
    Info (12023): Found entity 1: ham_HA
Info (12021): Found 1 design units, including 1 entities, in source file ham/ham_fa.bdf
    Info (12023): Found entity 1: ham_FA
Info (12021): Found 1 design units, including 1 entities, in source file ham/ham_d_latch.bdf
    Info (12023): Found entity 1: ham_D_Latch
Info (12021): Found 1 design units, including 1 entities, in source file ham/ham_timeadder.bdf
    Info (12023): Found entity 1: ham_TimeAdder
Info (12021): Found 1 design units, including 1 entities, in source file hoon/hoon_segment_decorder_to_2_digits.bdf
    Info (12023): Found entity 1: hoon_segment_decorder_to_2_digits
Info (12021): Found 1 design units, including 1 entities, in source file ham/ham_d_ff_6bits.bdf
    Info (12023): Found entity 1: ham_D_FF_6bits
Info (12021): Found 1 design units, including 1 entities, in source file ryu/ryu_subtractor.bdf
    Info (12023): Found entity 1: ryu_subtractor
Info (12021): Found 1 design units, including 1 entities, in source file ryu/ryu_fa.bdf
    Info (12023): Found entity 1: ryu_FA
Info (12021): Found 1 design units, including 1 entities, in source file ryu/ryu_checker.bdf
    Info (12023): Found entity 1: ryu_checker
Info (12021): Found 1 design units, including 1 entities, in source file ryu/ryu_21mux.bdf
    Info (12023): Found entity 1: ryu_21mux
Info (12021): Found 1 design units, including 1 entities, in source file test.bdf
    Info (12023): Found entity 1: Test
Info (12021): Found 1 design units, including 1 entities, in source file bin2timevalue.bdf
    Info (12023): Found entity 1: Bin2TimeValue
Info (12021): Found 1 design units, including 1 entities, in source file kim/kim_bcd_decorder.bdf
    Info (12023): Found entity 1: kim_BCD_decorder
Info (12021): Found 1 design units, including 1 entities, in source file kim/kim_dialpad2bin.bdf
    Info (12023): Found entity 1: kim_DialPad2Bin
Info (12127): Elaborating entity "digital_clock" for the top level hierarchy
Info (12128): Elaborating entity "seven_segment" for hierarchy "seven_segment:inst16213"
Info (12128): Elaborating entity "hoon_segment_decorder_to_2_digits" for hierarchy "hoon_segment_decorder_to_2_digits:inst12"
Warning (275011): Block or symbol "AND3" of instance "inst8" overlaps another block or symbol
Warning (275011): Block or symbol "AND4" of instance "inst9" overlaps another block or symbol
Warning (275011): Block or symbol "AND3" of instance "inst14" overlaps another block or symbol
Warning (275011): Block or symbol "AND4" of instance "inst17" overlaps another block or symbol
Warning (275011): Block or symbol "AND3" of instance "inst18" overlaps another block or symbol
Warning (275011): Block or symbol "AND3" of instance "inst20" overlaps another block or symbol
Warning (275011): Block or symbol "AND3" of instance "inst23" overlaps another block or symbol
Warning (275011): Block or symbol "AND4" of instance "inst25" overlaps another block or symbol
Warning (275011): Block or symbol "AND4" of instance "inst27" overlaps another block or symbol
Info (12128): Elaborating entity "mod_24_counter_with_enable" for hierarchy "mod_24_counter_with_enable:inst1"
Info (12128): Elaborating entity "mod_6_counter_with_enable" for hierarchy "mod_6_counter_with_enable:inst46"
Warning (275008): Primitive "AND3" of instance "inst11" not used
Info (12128): Elaborating entity "mod_10_counter_with_enable" for hierarchy "mod_10_counter_with_enable:in21"
Warning (275008): Primitive "AND3" of instance "OE_And" not used
Info (12128): Elaborating entity "pulse_generator" for hierarchy "pulse_generator:Insten"
Info (12128): Elaborating entity "ham_TimeAdder" for hierarchy "ham_TimeAdder:inst16"
Info (12128): Elaborating entity "ham_D_Latch" for hierarchy "ham_TimeAdder:inst16|ham_D_Latch:inst2"
Info (12128): Elaborating entity "ham_HA" for hierarchy "ham_TimeAdder:inst16|ham_HA:inst9"
Info (12128): Elaborating entity "ham_FA" for hierarchy "ham_TimeAdder:inst16|ham_FA:inst14"
Info (12128): Elaborating entity "ham_Modulo24" for hierarchy "ham_TimeAdder:inst16|ham_Modulo24:inst"
Info (12128): Elaborating entity "ryu_subtractor" for hierarchy "ryu_subtractor:inst17"
Info (12128): Elaborating entity "ryu_21mux" for hierarchy "ryu_subtractor:inst17|ryu_21mux:inst13"
Warning (275011): Block or symbol "NOT" of instance "muxnot" overlaps another block or symbol
Info (12128): Elaborating entity "ryu_FA" for hierarchy "ryu_subtractor:inst17|ryu_FA:instfa"
Info (12128): Elaborating entity "ryu_checker" for hierarchy "ryu_subtractor:inst17|ryu_checker:instnn1"
Info (12128): Elaborating entity "Bin2TimeValue" for hierarchy "Bin2TimeValue:inst19"
Warning (275008): Primitive "NOT" of instance "inst" not used
Warning (275008): Primitive "NOT" of instance "inst12" not used
Warning (275008): Primitive "NOT" of instance "inst13" not used
Info (12128): Elaborating entity "kim_DialPad2Bin" for hierarchy "kim_DialPad2Bin:inst27"
Warning (275011): Block or symbol "full_adder" of instance "inst14" overlaps another block or symbol
Warning (275011): Block or symbol "ham_HA" of instance "inst16" overlaps another block or symbol
Warning (275011): Block or symbol "full_adder" of instance "infdsst19" overlaps another block or symbol
Warning (275011): Block or symbol "full_adder" of instance "insdafdfsst16" overlaps another block or symbol
Warning (275002): No superset bus at connection
Info (12128): Elaborating entity "full_adder" for hierarchy "kim_DialPad2Bin:inst27|full_adder:infdsst19"
Info (12128): Elaborating entity "kim_BCD_decorder" for hierarchy "kim_DialPad2Bin:inst27|kim_BCD_decorder:indfsst"
Warning (275009): Pin "I0" not connected
Warning (13024): Output pins are stuck at VCC or GND
    Warning (13410): Pin "My_H1[2]" is stuck at VCC
    Warning (13410): Pin "Your_H1[2]" is stuck at VCC
Info (286030): Timing-Driven Synthesis is running
Info (16010): Generating hard_block partition "hard_block:auto_generated_inst"
    Info (16011): Adding 0 node(s), including 0 DDIO, 0 PLL, 0 transceiver and 0 LCELL
Info (21057): Implemented 322 device resources after synthesis - the final resource count might be different
    Info (21058): Implemented 26 input pins
    Info (21059): Implemented 84 output pins
    Info (21061): Implemented 212 logic cells
Info: Quartus Prime Analysis & Synthesis was successful. 0 errors, 25 warnings
    Info: Peak virtual memory: 4815 megabytes
    Info: Processing ended: Thu Dec 01 23:50:34 2022
    Info: Elapsed time: 00:00:11
    Info: Total CPU time (on all processors): 00:00:21


